#
# A fatal error has been detected by the Java Runtime Environment:
#
#  SIGSEGV (0xb) at pc=0x00007fff5ce0ad09, pid=45663, tid=0x0000000000001903
#
# JRE version: Java(TM) SE Runtime Environment (8.0_111-b14) (build 1.8.0_111-b14)
# Java VM: Java HotSpot(TM) 64-Bit Server VM (25.111-b14 mixed mode bsd-amd64 compressed oops)
# Problematic frame:
# C  [libsystem_platform.dylib+0x1d09]  _platform_memmove$VARIANT$Haswell+0x29
#
# Failed to write core dump. Core dumps have been disabled. To enable core dumping, try "ulimit -c unlimited" before starting Java again
#
# If you would like to submit a bug report, please visit:
#   http://bugreport.java.com/bugreport/crash.jsp
# The crash happened outside the Java Virtual Machine in native code.
# See problematic frame for where to report the bug.
#

---------------  T H R E A D  ---------------

Current thread (0x00007fad75805000):  JavaThread "main" [_thread_in_native, id=6403, stack(0x000070000f2eb000,0x000070000f3eb000)]

siginfo: si_signo: 11 (SIGSEGV), si_code: 1 (SEGV_MAPERR), si_addr: 0x00000001157dd000

Registers:
RAX=0x00007fad78f2e602, RBX=0x00000001157d1023, RCX=0x0000000000002fb9, RDX=0x0000000000007e77
RSP=0x000070000f3e8a20, RBP=0x000070000f3e8a20, RSI=0x00000001157dd000, RDI=0x00007fad78f334c0
R8 =0x0000000000000015, R9 =0x000000000000e815, R10=0x00007fad770e7620, R11=0x00007fac637564c0
R12=0x000000009c84f7aa, R13=0x00000000627c0972, R14=0x000000000dafa7a9, R15=0x0000000000007e77
RIP=0x00007fff5ce0ad09, EFLAGS=0x0000000000010206, ERR=0x0000000000000004
  TRAPNO=0x000000000000000e

Top of Stack: (sp=0x000070000f3e8a20)
0x000070000f3e8a20:   000070000f3e8a90 000000010d50905f
0x000070000f3e8a30:   0000007774d0c984 000000000000007e
0x000070000f3e8a40:   000000000000e815 00007fad78f27400
0x000070000f3e8a50:   00000000000070f1 00007fad74c47ea0
0x000070000f3e8a60:   00007fad770e7620 00007fad74c47ea0
0x000070000f3e8a70:   00007fad771a5930 0000000000000050
0x000070000f3e8a80:   0000000049953e11 00007fad77011f30
0x000070000f3e8a90:   000070000f3e8af0 000000010d50952d
0x000070000f3e8aa0:   000070000f3e8b2a 000070000f3e8b29
0x000070000f3e8ab0:   0000001a00000000 0000001b01805000
0x000070000f3e8ac0:   000070000f3e8b0e 000070000f3e8f58
0x000070000f3e8ad0:   000000000000001b 000070000f3e8b0e
0x000070000f3e8ae0:   00007fad74c47ea0 00007fad758051f8
0x000070000f3e8af0:   000070000f3e8f40 000000010d508238
0x000070000f3e8b00:   00007fad74f04400 6f637fad00000001
0x000070000f3e8b10:   706d6f63796d2f6d 2f7070612f796e61
0x000070000f3e8b20:   73616c632e707041 00007fad75800073
0x000070000f3e8b30:   0000000000000000 0000700000000000
0x000070000f3e8b40:   0000000000000000 00007fad75805000
0x000070000f3e8b50:   000070000f3e8e18 000000010e6d8440
0x000070000f3e8b60:   000070000f3e8df0 000000010e3b66d9
0x000070000f3e8b70:   000000000000000c 00000001171fe6f0
0x000070000f3e8b80:   00000007a3421b90 f46d96ca00000064
0x000070000f3e8b90:   000070000f3e8bd0 000000010dea108b
0x000070000f3e8ba0:   0000000300000000 3ff0000000000000
0x000070000f3e8bb0:   0000000127e9dbe0 00007fad74d01e20
0x000070000f3e8bc0:   00007fad74d01e00 00007fad75805000
0x000070000f3e8bd0:   000070000f3e8c00 00007fad74f03de0
0x000070000f3e8be0:   00007fad74f03fb0 00007fad74f03fc0
0x000070000f3e8bf0:   00007fad74f04398 00000000000003d8
0x000070000f3e8c00:   000070000f3e8d90 0000000116fd109a
0x000070000f3e8c10:   0000000116fd0fd0 3ff0000000000000 

Instructions: (pc=0x00007fff5ce0ad09)
0x00007fff5ce0ace9:   f3 48 89 f8 49 39 d3 72 1b 48 83 fa 60 76 2f 48
0x00007fff5ce0acf9:   81 fa 00 40 00 00 0f 82 cb 00 00 00 48 89 d1 fc
0x00007fff5ce0ad09:   f3 a4 5d c3 48 39 fe 74 f9 48 01 d6 48 01 d7 48
0x00007fff5ce0ad19:   83 fa 60 0f 82 8c 01 00 00 e9 a9 01 00 00 48 83 

Register to memory mapping:

RAX=0x00007fad78f2e602 is an unknown value
RBX=0x00000001157d1023 is an unknown value
RCX=0x0000000000002fb9 is an unknown value
RDX=0x0000000000007e77 is an unknown value
RSP=0x000070000f3e8a20 is pointing into the stack for thread: 0x00007fad75805000
RBP=0x000070000f3e8a20 is pointing into the stack for thread: 0x00007fad75805000
RSI=0x00000001157dd000 is an unknown value
RDI=0x00007fad78f334c0 is an unknown value
R8 =0x0000000000000015 is an unknown value
R9 =0x000000000000e815 is an unknown value
R10=0x00007fad770e7620 is an unknown value
R11=0x00007fac637564c0 is an unknown value
R12=0x000000009c84f7aa is an unknown value
R13=0x00000000627c0972 is an unknown value
R14=0x000000000dafa7a9 is an unknown value
R15=0x0000000000007e77 is an unknown value


Stack: [0x000070000f2eb000,0x000070000f3eb000],  sp=0x000070000f3e8a20,  free space=1014k
Native frames: (J=compiled Java code, j=interpreted, Vv=VM code, C=native code)
C  [libsystem_platform.dylib+0x1d09]  _platform_memmove$VARIANT$Haswell+0x29
C  [libzip.dylib+0x305f]  newEntry+0x321
C  [libzip.dylib+0x352d]  ZIP_GetEntry2+0xd4
C  [libzip.dylib+0x2238]  Java_java_util_zip_ZipFile_getEntry+0xcf
J 102  java.util.zip.ZipFile.getEntry(J[BZ)J (0 bytes) @ 0x00000001170bbf0e [0x00000001170bbe40+0xce]
J 3539 C2 java.util.jar.JarFile.getEntry(Ljava/lang/String;)Ljava/util/zip/ZipEntry; (22 bytes) @ 0x0000000117944d0c [0x00000001179449a0+0x36c]
J 5061 C2 sun.net.www.protocol.jar.JarURLConnection.connect()V (147 bytes) @ 0x0000000117636e64 [0x0000000117636040+0xe24]
J 5070 C2 sun.net.www.protocol.jar.JarURLConnection.getInputStream()Ljava/io/InputStream; (97 bytes) @ 0x000000011788e3b8 [0x000000011788e380+0x38]
J 4689 C1 org.codehaus.plexus.components.io.resources.PlexusIoURLResource.getContents()Ljava/io/InputStream; (24 bytes) @ 0x0000000117cb408c [0x0000000117cb3ca0+0x3ec]
J 4686 C1 org.codehaus.plexus.archiver.zip.AbstractZipArchiver.zipFile(Lorg/codehaus/plexus/archiver/ArchiveEntry;Lorg/codehaus/plexus/archiver/zip/ZipOutputStream;Ljava/lang/String;)V (138 bytes) @ 0x0000000117cb0db4 [0x0000000117cb0480+0x934]
j  org.codehaus.plexus.archiver.zip.AbstractZipArchiver.addResources(Lorg/codehaus/plexus/archiver/ResourceIterator;Lorg/codehaus/plexus/archiver/zip/ZipOutputStream;)V+125
j  org.codehaus.plexus.archiver.zip.AbstractZipArchiver.createArchiveMain()V+555
j  org.codehaus.plexus.archiver.zip.AbstractZipArchiver.execute()V+37
j  org.codehaus.plexus.archiver.AbstractArchiver.createArchive()V+31
j  org.apache.maven.plugin.assembly.archive.archiver.AssemblyProxyArchiver.createArchive()V+63
j  org.apache.maven.plugin.assembly.archive.DefaultAssemblyArchiver.createArchive(Lorg/apache/maven/plugin/assembly/model/Assembly;Ljava/lang/String;Ljava/lang/String;Lorg/apache/maven/plugin/assembly/AssemblerConfigurationSource;)Ljava/io/File;+245
j  org.apache.maven.plugin.assembly.mojos.AbstractAssemblyMojo.execute()V+262
j  org.apache.maven.plugin.DefaultBuildPluginManager.executeMojo(Lorg/apache/maven/execution/MavenSession;Lorg/apache/maven/plugin/MojoExecution;)V+152
j  org.apache.maven.lifecycle.internal.MojoExecutor.execute(Lorg/apache/maven/execution/MavenSession;Lorg/apache/maven/plugin/MojoExecution;Lorg/apache/maven/lifecycle/internal/ProjectIndex;Lorg/apache/maven/lifecycle/internal/DependencyContext;)V+215
j  org.apache.maven.lifecycle.internal.MojoExecutor.execute(Lorg/apache/maven/execution/MavenSession;Lorg/apache/maven/plugin/MojoExecution;Lorg/apache/maven/lifecycle/internal/ProjectIndex;Lorg/apache/maven/lifecycle/internal/DependencyContext;Lorg/apache/maven/lifecycle/internal/PhaseRecorder;)V+6
j  org.apache.maven.lifecycle.internal.MojoExecutor.execute(Lorg/apache/maven/execution/MavenSession;Ljava/util/List;Lorg/apache/maven/lifecycle/internal/ProjectIndex;)V+60
j  org.apache.maven.lifecycle.internal.LifecycleModuleBuilder.buildProject(Lorg/apache/maven/execution/MavenSession;Lorg/apache/maven/execution/MavenSession;Lorg/apache/maven/lifecycle/internal/ReactorContext;Lorg/apache/maven/project/MavenProject;Lorg/apache/maven/lifecycle/internal/TaskSegment;)V+179
j  org.apache.maven.lifecycle.internal.LifecycleModuleBuilder.buildProject(Lorg/apache/maven/execution/MavenSession;Lorg/apache/maven/lifecycle/internal/ReactorContext;Lorg/apache/maven/project/MavenProject;Lorg/apache/maven/lifecycle/internal/TaskSegment;)V+7
j  org.apache.maven.lifecycle.internal.builder.singlethreaded.SingleThreadedBuilder.build(Lorg/apache/maven/execution/MavenSession;Lorg/apache/maven/lifecycle/internal/ReactorContext;Lorg/apache/maven/lifecycle/internal/ProjectBuildList;Ljava/util/List;Lorg/apache/maven/lifecycle/internal/ReactorBuildStatus;)V+77
j  org.apache.maven.lifecycle.internal.LifecycleStarter.execute(Lorg/apache/maven/execution/MavenSession;)V+348
j  org.apache.maven.DefaultMaven.doExecute(Lorg/apache/maven/execution/MavenExecutionRequest;Lorg/apache/maven/execution/MavenSession;Lorg/apache/maven/execution/MavenExecutionResult;Lorg/eclipse/aether/DefaultRepositorySystemSession;)Lorg/apache/maven/execution/MavenExecutionResult;+425
j  org.apache.maven.DefaultMaven.doExecute(Lorg/apache/maven/execution/MavenExecutionRequest;)Lorg/apache/maven/execution/MavenExecutionResult;+98
j  org.apache.maven.DefaultMaven.execute(Lorg/apache/maven/execution/MavenExecutionRequest;)Lorg/apache/maven/execution/MavenExecutionResult;+2
j  org.apache.maven.cli.MavenCli.execute(Lorg/apache/maven/cli/CliRequest;)I+27
j  org.apache.maven.cli.MavenCli.doMain(Lorg/apache/maven/cli/CliRequest;)I+66
j  org.apache.maven.cli.MavenCli.main([Ljava/lang/String;Lorg/codehaus/plexus/classworlds/ClassWorld;)I+24
v  ~StubRoutines::call_stub
V  [libjvm.dylib+0x2ecf8a]  JavaCalls::call_helper(JavaValue*, methodHandle*, JavaCallArguments*, Thread*)+0x6ae
V  [libjvm.dylib+0x4d1bb4]  Reflection::invoke(instanceKlassHandle, methodHandle, Handle, bool, objArrayHandle, BasicType, objArrayHandle, bool, Thread*)+0xe12
V  [libjvm.dylib+0x4d20e8]  Reflection::invoke_method(oopDesc*, Handle, objArrayHandle, Thread*)+0x16c
V  [libjvm.dylib+0x345394]  JVM_InvokeMethod+0x166
j  sun.reflect.NativeMethodAccessorImpl.invoke0(Ljava/lang/reflect/Method;Ljava/lang/Object;[Ljava/lang/Object;)Ljava/lang/Object;+0
j  sun.reflect.NativeMethodAccessorImpl.invoke(Ljava/lang/Object;[Ljava/lang/Object;)Ljava/lang/Object;+100
j  sun.reflect.DelegatingMethodAccessorImpl.invoke(Ljava/lang/Object;[Ljava/lang/Object;)Ljava/lang/Object;+6
j  java.lang.reflect.Method.invoke(Ljava/lang/Object;[Ljava/lang/Object;)Ljava/lang/Object;+56
j  org.codehaus.plexus.classworlds.launcher.Launcher.launchEnhanced([Ljava/lang/String;)V+45
j  org.codehaus.plexus.classworlds.launcher.Launcher.launch([Ljava/lang/String;)V+2
j  org.codehaus.plexus.classworlds.launcher.Launcher.mainWithExitCode([Ljava/lang/String;)I+101
j  org.codehaus.plexus.classworlds.launcher.Launcher.main([Ljava/lang/String;)V+1
v  ~StubRoutines::call_stub
V  [libjvm.dylib+0x2ecf8a]  JavaCalls::call_helper(JavaValue*, methodHandle*, JavaCallArguments*, Thread*)+0x6ae
V  [libjvm.dylib+0x323d82]  jni_invoke_static(JNIEnv_*, JavaValue*, _jobject*, JNICallType, _jmethodID*, JNI_ArgumentPusher*, Thread*)+0x1bf
V  [libjvm.dylib+0x31caf9]  jni_CallStaticVoidMethod+0x15d
C  [java+0x3931]  JavaMain+0x9c4
C  [libsystem_pthread.dylib+0x32eb]  _pthread_body+0x7e
C  [libsystem_pthread.dylib+0x6249]  _pthread_start+0x42
C  [libsystem_pthread.dylib+0x240d]  thread_start+0xd
C  0x0000000000000000

Java frames: (J=compiled Java code, j=interpreted, Vv=VM code)
J 102  java.util.zip.ZipFile.getEntry(J[BZ)J (0 bytes) @ 0x00000001170bbe98 [0x00000001170bbe40+0x58]
J 3539 C2 java.util.jar.JarFile.getEntry(Ljava/lang/String;)Ljava/util/zip/ZipEntry; (22 bytes) @ 0x0000000117944d0c [0x00000001179449a0+0x36c]
J 5061 C2 sun.net.www.protocol.jar.JarURLConnection.connect()V (147 bytes) @ 0x0000000117636e64 [0x0000000117636040+0xe24]
J 5070 C2 sun.net.www.protocol.jar.JarURLConnection.getInputStream()Ljava/io/InputStream; (97 bytes) @ 0x000000011788e3b8 [0x000000011788e380+0x38]
J 4689 C1 org.codehaus.plexus.components.io.resources.PlexusIoURLResource.getContents()Ljava/io/InputStream; (24 bytes) @ 0x0000000117cb408c [0x0000000117cb3ca0+0x3ec]
J 4686 C1 org.codehaus.plexus.archiver.zip.AbstractZipArchiver.zipFile(Lorg/codehaus/plexus/archiver/ArchiveEntry;Lorg/codehaus/plexus/archiver/zip/ZipOutputStream;Ljava/lang/String;)V (138 bytes) @ 0x0000000117cb0db4 [0x0000000117cb0480+0x934]
j  org.codehaus.plexus.archiver.zip.AbstractZipArchiver.addResources(Lorg/codehaus/plexus/archiver/ResourceIterator;Lorg/codehaus/plexus/archiver/zip/ZipOutputStream;)V+125
j  org.codehaus.plexus.archiver.zip.AbstractZipArchiver.createArchiveMain()V+555
j  org.codehaus.plexus.archiver.zip.AbstractZipArchiver.execute()V+37
j  org.codehaus.plexus.archiver.AbstractArchiver.createArchive()V+31
j  org.apache.maven.plugin.assembly.archive.archiver.AssemblyProxyArchiver.createArchive()V+63
j  org.apache.maven.plugin.assembly.archive.DefaultAssemblyArchiver.createArchive(Lorg/apache/maven/plugin/assembly/model/Assembly;Ljava/lang/String;Ljava/lang/String;Lorg/apache/maven/plugin/assembly/AssemblerConfigurationSource;)Ljava/io/File;+245
j  org.apache.maven.plugin.assembly.mojos.AbstractAssemblyMojo.execute()V+262
j  org.apache.maven.plugin.DefaultBuildPluginManager.executeMojo(Lorg/apache/maven/execution/MavenSession;Lorg/apache/maven/plugin/MojoExecution;)V+152
j  org.apache.maven.lifecycle.internal.MojoExecutor.execute(Lorg/apache/maven/execution/MavenSession;Lorg/apache/maven/plugin/MojoExecution;Lorg/apache/maven/lifecycle/internal/ProjectIndex;Lorg/apache/maven/lifecycle/internal/DependencyContext;)V+215
j  org.apache.maven.lifecycle.internal.MojoExecutor.execute(Lorg/apache/maven/execution/MavenSession;Lorg/apache/maven/plugin/MojoExecution;Lorg/apache/maven/lifecycle/internal/ProjectIndex;Lorg/apache/maven/lifecycle/internal/DependencyContext;Lorg/apache/maven/lifecycle/internal/PhaseRecorder;)V+6
j  org.apache.maven.lifecycle.internal.MojoExecutor.execute(Lorg/apache/maven/execution/MavenSession;Ljava/util/List;Lorg/apache/maven/lifecycle/internal/ProjectIndex;)V+60
j  org.apache.maven.lifecycle.internal.LifecycleModuleBuilder.buildProject(Lorg/apache/maven/execution/MavenSession;Lorg/apache/maven/execution/MavenSession;Lorg/apache/maven/lifecycle/internal/ReactorContext;Lorg/apache/maven/project/MavenProject;Lorg/apache/maven/lifecycle/internal/TaskSegment;)V+179
j  org.apache.maven.lifecycle.internal.LifecycleModuleBuilder.buildProject(Lorg/apache/maven/execution/MavenSession;Lorg/apache/maven/lifecycle/internal/ReactorContext;Lorg/apache/maven/project/MavenProject;Lorg/apache/maven/lifecycle/internal/TaskSegment;)V+7
j  org.apache.maven.lifecycle.internal.builder.singlethreaded.SingleThreadedBuilder.build(Lorg/apache/maven/execution/MavenSession;Lorg/apache/maven/lifecycle/internal/ReactorContext;Lorg/apache/maven/lifecycle/internal/ProjectBuildList;Ljava/util/List;Lorg/apache/maven/lifecycle/internal/ReactorBuildStatus;)V+77
j  org.apache.maven.lifecycle.internal.LifecycleStarter.execute(Lorg/apache/maven/execution/MavenSession;)V+348
j  org.apache.maven.DefaultMaven.doExecute(Lorg/apache/maven/execution/MavenExecutionRequest;Lorg/apache/maven/execution/MavenSession;Lorg/apache/maven/execution/MavenExecutionResult;Lorg/eclipse/aether/DefaultRepositorySystemSession;)Lorg/apache/maven/execution/MavenExecutionResult;+425
j  org.apache.maven.DefaultMaven.doExecute(Lorg/apache/maven/execution/MavenExecutionRequest;)Lorg/apache/maven/execution/MavenExecutionResult;+98
j  org.apache.maven.DefaultMaven.execute(Lorg/apache/maven/execution/MavenExecutionRequest;)Lorg/apache/maven/execution/MavenExecutionResult;+2
j  org.apache.maven.cli.MavenCli.execute(Lorg/apache/maven/cli/CliRequest;)I+27
j  org.apache.maven.cli.MavenCli.doMain(Lorg/apache/maven/cli/CliRequest;)I+66
j  org.apache.maven.cli.MavenCli.main([Ljava/lang/String;Lorg/codehaus/plexus/classworlds/ClassWorld;)I+24
v  ~StubRoutines::call_stub
j  sun.reflect.NativeMethodAccessorImpl.invoke0(Ljava/lang/reflect/Method;Ljava/lang/Object;[Ljava/lang/Object;)Ljava/lang/Object;+0
j  sun.reflect.NativeMethodAccessorImpl.invoke(Ljava/lang/Object;[Ljava/lang/Object;)Ljava/lang/Object;+100
j  sun.reflect.DelegatingMethodAccessorImpl.invoke(Ljava/lang/Object;[Ljava/lang/Object;)Ljava/lang/Object;+6
j  java.lang.reflect.Method.invoke(Ljava/lang/Object;[Ljava/lang/Object;)Ljava/lang/Object;+56
j  org.codehaus.plexus.classworlds.launcher.Launcher.launchEnhanced([Ljava/lang/String;)V+45
j  org.codehaus.plexus.classworlds.launcher.Launcher.launch([Ljava/lang/String;)V+2
j  org.codehaus.plexus.classworlds.launcher.Launcher.mainWithExitCode([Ljava/lang/String;)I+101
j  org.codehaus.plexus.classworlds.launcher.Launcher.main([Ljava/lang/String;)V+1
v  ~StubRoutines::call_stub

---------------  P R O C E S S  ---------------

Java Threads: ( => current thread )
  0x00007fad79a73000 JavaThread "resolver-5" daemon [_thread_blocked, id=15883, stack(0x0000700010521000,0x0000700010621000)]
  0x00007fad78be6800 JavaThread "process reaper" daemon [_thread_blocked, id=22019, stack(0x0000700010624000,0x000070001064c000)]
  0x00007fad78175000 JavaThread "resolver-4" daemon [_thread_blocked, id=16387, stack(0x000070001041e000,0x000070001051e000)]
  0x00007fad78c12800 JavaThread "resolver-3" daemon [_thread_blocked, id=15619, stack(0x000070001031b000,0x000070001041b000)]
  0x00007fad789ea800 JavaThread "resolver-2" daemon [_thread_blocked, id=17155, stack(0x0000700010218000,0x0000700010318000)]
  0x00007fad7813c800 JavaThread "resolver-1" daemon [_thread_blocked, id=15363, stack(0x0000700010115000,0x0000700010215000)]
  0x00007fad7601d000 JavaThread "Service Thread" daemon [_thread_blocked, id=14851, stack(0x000070000ff0f000,0x000070001000f000)]
  0x00007fad75037800 JavaThread "C1 CompilerThread2" daemon [_thread_blocked, id=14595, stack(0x000070000fe0c000,0x000070000ff0c000)]
  0x00007fad75007000 JavaThread "C2 CompilerThread1" daemon [_thread_blocked, id=18691, stack(0x000070000fd09000,0x000070000fe09000)]
  0x00007fad75035800 JavaThread "C2 CompilerThread0" daemon [_thread_blocked, id=14083, stack(0x000070000fc06000,0x000070000fd06000)]
  0x00007fad75028800 JavaThread "Signal Dispatcher" daemon [_thread_blocked, id=13827, stack(0x000070000fb03000,0x000070000fc03000)]
  0x00007fad76831000 JavaThread "Finalizer" daemon [_thread_blocked, id=20227, stack(0x000070000fa00000,0x000070000fb00000)]
  0x00007fad7682e800 JavaThread "Reference Handler" daemon [_thread_blocked, id=11523, stack(0x000070000f8fd000,0x000070000f9fd000)]
=>0x00007fad75805000 JavaThread "main" [_thread_in_native, id=6403, stack(0x000070000f2eb000,0x000070000f3eb000)]

Other Threads:
  0x00007fad7682a000 VMThread [stack: 0x000070000f7fa000,0x000070000f8fa000] [id=20995]
  0x00007fad7601e000 WatcherThread [stack: 0x0000700010012000,0x0000700010112000] [id=15107]

VM state:not at safepoint (normal execution)

VM Mutex/Monitor currently owned by a thread: None

Heap:
 PSYoungGen      total 242176K, used 86800K [0x0000000795580000, 0x00000007a9a00000, 0x00000007c0000000)
  eden space 227328K, 31% used [0x0000000795580000,0x0000000799c68470,0x00000007a3380000)
  from space 14848K, 95% used [0x00000007a3380000,0x00000007a415bdd0,0x00000007a4200000)
  to   space 16384K, 0% used [0x00000007a8a00000,0x00000007a8a00000,0x00000007a9a00000)
 ParOldGen       total 75776K, used 22115K [0x0000000740000000, 0x0000000744a00000, 0x0000000795580000)
  object space 75776K, 29% used [0x0000000740000000,0x0000000741598ea8,0x0000000744a00000)
 Metaspace       used 27754K, capacity 28538K, committed 28800K, reserved 1075200K
  class space    used 3286K, capacity 3585K, committed 3712K, reserved 1048576K

Card table byte_map: [0x000000010f161000,0x000000010f562000] byte_map_base: 0x000000010b761000

Marking Bits: (ParMarkBitMap*) 0x000000010e6efd20
 Begin Bits: [0x000000010f80d000, 0x000000011180d000)
 End Bits:   [0x000000011180d000, 0x000000011380d000)

Polling page: 0x000000010d4fd000

CodeCache: size=245760Kb used=13348Kb max_used=13853Kb free=232411Kb
 bounds [0x0000000116f8b000, 0x0000000117d2b000, 0x0000000125f8b000]
 total_blobs=4987 nmethods=4573 adapters=327
 compilation: enabled

Compilation events (10 events):
Event: 8.476 Thread 0x00007fad75035800 nmethod 5069 0x00000001171fae50 code [0x00000001171fb040, 0x00000001171fbce8]
Event: 8.488 Thread 0x00007fad75035800 5070       4       sun.net.www.protocol.jar.JarURLConnection::getInputStream (97 bytes)
Event: 8.491 Thread 0x00007fad75035800 nmethod 5070 0x000000011788e210 code [0x000000011788e380, 0x000000011788e558]
Event: 8.495 Thread 0x00007fad75035800 5071       4       java.io.FilePermission::getMask (948 bytes)
Event: 8.496 Thread 0x00007fad75035800 nmethod 5071 0x00000001173fdf10 code [0x00000001173fe060, 0x00000001173fe0d8]
Event: 8.496 Thread 0x00007fad75035800 5072       4       java.io.FilePermission$1::run (5 bytes)
Event: 8.519 Thread 0x00007fad75007000 nmethod 5068 0x00000001177f4950 code [0x00000001177f4c40, 0x00000001177f6ec0]
Event: 8.544 Thread 0x00007fad75035800 nmethod 5072 0x000000011721be90 code [0x000000011721c140, 0x000000011721d7e0]
Event: 8.605 Thread 0x00007fad75007000 5073       4       java.util.zip.ZipFile$ZipFileInflaterInputStream::finalize (5 bytes)
Event: 8.605 Thread 0x00007fad75007000 nmethod 5073 0x0000000117649ad0 code [0x0000000117649c20, 0x0000000117649ca8]

GC Heap History (10 events):
Event: 5.684 GC heap before
{Heap before GC invocations=10 (full 1):
 PSYoungGen      total 150528K, used 144040K [0x0000000795580000, 0x00000007a1e00000, 0x00000007c0000000)
  eden space 137728K, 100% used [0x0000000795580000,0x000000079dc00000,0x000000079dc00000)
  from space 12800K, 49% used [0x000000079e800000,0x000000079ee2a308,0x000000079f480000)
  to   space 12288K, 0% used [0x000000079dc00000,0x000000079dc00000,0x000000079e800000)
 ParOldGen       total 75776K, used 16277K [0x0000000740000000, 0x0000000744a00000, 0x0000000795580000)
  object space 75776K, 21% used [0x0000000740000000,0x0000000740fe5650,0x0000000744a00000)
 Metaspace       used 27364K, capacity 28094K, committed 28416K, reserved 1075200K
  class space    used 3253K, capacity 3507K, committed 3584K, reserved 1048576K
Event: 5.696 GC heap after
Heap after GC invocations=10 (full 1):
 PSYoungGen      total 150016K, used 12272K [0x0000000795580000, 0x00000007a1b00000, 0x00000007c0000000)
  eden space 137728K, 0% used [0x0000000795580000,0x0000000795580000,0x000000079dc00000)
  from space 12288K, 99% used [0x000000079dc00000,0x000000079e7fc120,0x000000079e800000)
  to   space 14336K, 0% used [0x00000007a0d00000,0x00000007a0d00000,0x00000007a1b00000)
 ParOldGen       total 75776K, used 18157K [0x0000000740000000, 0x0000000744a00000, 0x0000000795580000)
  object space 75776K, 23% used [0x0000000740000000,0x00000007411bb400,0x0000000744a00000)
 Metaspace       used 27364K, capacity 28094K, committed 28416K, reserved 1075200K
  class space    used 3253K, capacity 3507K, committed 3584K, reserved 1048576K
}
Event: 6.524 GC heap before
{Heap before GC invocations=11 (full 1):
 PSYoungGen      total 150016K, used 150000K [0x0000000795580000, 0x00000007a1b00000, 0x00000007c0000000)
  eden space 137728K, 100% used [0x0000000795580000,0x000000079dc00000,0x000000079dc00000)
  from space 12288K, 99% used [0x000000079dc00000,0x000000079e7fc120,0x000000079e800000)
  to   space 14336K, 0% used [0x00000007a0d00000,0x00000007a0d00000,0x00000007a1b00000)
 ParOldGen       total 75776K, used 18157K [0x0000000740000000, 0x0000000744a00000, 0x0000000795580000)
  object space 75776K, 23% used [0x0000000740000000,0x00000007411bb400,0x0000000744a00000)
 Metaspace       used 27734K, capacity 28538K, committed 28800K, reserved 1075200K
  class space    used 3286K, capacity 3585K, committed 3712K, reserved 1048576K
Event: 6.543 GC heap after
Heap after GC invocations=11 (full 1):
 PSYoungGen      total 186880K, used 12135K [0x0000000795580000, 0x00000007a1e00000, 0x00000007c0000000)
  eden space 172544K, 0% used [0x0000000795580000,0x0000000795580000,0x000000079fe00000)
  from space 14336K, 84% used [0x00000007a0d00000,0x00000007a18d9cc8,0x00000007a1b00000)
  to   space 15360K, 0% used [0x000000079fe00000,0x000000079fe00000,0x00000007a0d00000)
 ParOldGen       total 75776K, used 18165K [0x0000000740000000, 0x0000000744a00000, 0x0000000795580000)
  object space 75776K, 23% used [0x0000000740000000,0x00000007411bd400,0x0000000744a00000)
 Metaspace       used 27734K, capacity 28538K, committed 28800K, reserved 1075200K
  class space    used 3286K, capacity 3585K, committed 3712K, reserved 1048576K
}
Event: 6.753 GC heap before
{Heap before GC invocations=12 (full 1):
 PSYoungGen      total 186880K, used 184679K [0x0000000795580000, 0x00000007a1e00000, 0x00000007c0000000)
  eden space 172544K, 100% used [0x0000000795580000,0x000000079fe00000,0x000000079fe00000)
  from space 14336K, 84% used [0x00000007a0d00000,0x00000007a18d9cc8,0x00000007a1b00000)
  to   space 15360K, 0% used [0x000000079fe00000,0x000000079fe00000,0x00000007a0d00000)
 ParOldGen       total 75776K, used 18165K [0x0000000740000000, 0x0000000744a00000, 0x0000000795580000)
  object space 75776K, 23% used [0x0000000740000000,0x00000007411bd400,0x0000000744a00000)
 Metaspace       used 27736K, capacity 28538K, committed 28800K, reserved 1075200K
  class space    used 3286K, capacity 3585K, committed 3712K, reserved 1048576K
Event: 6.768 GC heap after
Heap after GC invocations=12 (full 1):
 PSYoungGen      total 187904K, used 7385K [0x0000000795580000, 0x00000007a5400000, 0x00000007c0000000)
  eden space 172544K, 0% used [0x0000000795580000,0x0000000795580000,0x000000079fe00000)
  from space 15360K, 48% used [0x000000079fe00000,0x00000007a0536438,0x00000007a0d00000)
  to   space 14848K, 0% used [0x00000007a4580000,0x00000007a4580000,0x00000007a5400000)
 ParOldGen       total 75776K, used 18173K [0x0000000740000000, 0x0000000744a00000, 0x0000000795580000)
  object space 75776K, 23% used [0x0000000740000000,0x00000007411bf400,0x0000000744a00000)
 Metaspace       used 27736K, capacity 28538K, committed 28800K, reserved 1075200K
  class space    used 3286K, capacity 3585K, committed 3712K, reserved 1048576K
}
Event: 7.736 GC heap before
{Heap before GC invocations=13 (full 1):
 PSYoungGen      total 187904K, used 179929K [0x0000000795580000, 0x00000007a5400000, 0x00000007c0000000)
  eden space 172544K, 100% used [0x0000000795580000,0x000000079fe00000,0x000000079fe00000)
  from space 15360K, 48% used [0x000000079fe00000,0x00000007a0536438,0x00000007a0d00000)
  to   space 14848K, 0% used [0x00000007a4580000,0x00000007a4580000,0x00000007a5400000)
 ParOldGen       total 75776K, used 18173K [0x0000000740000000, 0x0000000744a00000, 0x0000000795580000)
  object space 75776K, 23% used [0x0000000740000000,0x00000007411bf400,0x0000000744a00000)
 Metaspace       used 27754K, capacity 28538K, committed 28800K, reserved 1075200K
  class space    used 3286K, capacity 3585K, committed 3712K, reserved 1048576K
Event: 7.750 GC heap after
Heap after GC invocations=13 (full 1):
 PSYoungGen      total 238592K, used 9759K [0x0000000795580000, 0x00000007a5080000, 0x00000007c0000000)
  eden space 227328K, 0% used [0x0000000795580000,0x0000000795580000,0x00000007a3380000)
  from space 11264K, 86% used [0x00000007a4580000,0x00000007a4f07db8,0x00000007a5080000)
  to   space 14848K, 0% used [0x00000007a3380000,0x00000007a3380000,0x00000007a4200000)
 ParOldGen       total 75776K, used 18173K [0x0000000740000000, 0x0000000744a00000, 0x0000000795580000)
  object space 75776K, 23% used [0x0000000740000000,0x00000007411bf400,0x0000000744a00000)
 Metaspace       used 27754K, capacity 28538K, committed 28800K, reserved 1075200K
  class space    used 3286K, capacity 3585K, committed 3712K, reserved 1048576K
}
Event: 8.580 GC heap before
{Heap before GC invocations=14 (full 1):
 PSYoungGen      total 238592K, used 237087K [0x0000000795580000, 0x00000007a5080000, 0x00000007c0000000)
  eden space 227328K, 100% used [0x0000000795580000,0x00000007a3380000,0x00000007a3380000)
  from space 11264K, 86% used [0x00000007a4580000,0x00000007a4f07db8,0x00000007a5080000)
  to   space 14848K, 0% used [0x00000007a3380000,0x00000007a3380000,0x00000007a4200000)
 ParOldGen       total 75776K, used 18173K [0x0000000740000000, 0x0000000744a00000, 0x0000000795580000)
  object space 75776K, 23% used [0x0000000740000000,0x00000007411bf400,0x0000000744a00000)
 Metaspace       used 27754K, capacity 28538K, committed 28800K, reserved 1075200K
  class space    used 3286K, capacity 3585K, committed 3712K, reserved 1048576K
Event: 8.603 GC heap after
Heap after GC invocations=14 (full 1):
 PSYoungGen      total 242176K, used 14191K [0x0000000795580000, 0x00000007a9a00000, 0x00000007c0000000)
  eden space 227328K, 0% used [0x0000000795580000,0x0000000795580000,0x00000007a3380000)
  from space 14848K, 95% used [0x00000007a3380000,0x00000007a415bdd0,0x00000007a4200000)
  to   space 16384K, 0% used [0x00000007a8a00000,0x00000007a8a00000,0x00000007a9a00000)
 ParOldGen       total 75776K, used 22115K [0x0000000740000000, 0x0000000744a00000, 0x0000000795580000)
  object space 75776K, 29% used [0x0000000740000000,0x0000000741598ea8,0x0000000744a00000)
 Metaspace       used 27754K, capacity 28538K, committed 28800K, reserved 1075200K
  class space    used 3286K, capacity 3585K, committed 3712K, reserved 1048576K
}

Deoptimization events (10 events):
Event: 6.032 Thread 0x00007fad75805000 Uncommon trap: reason=bimorphic action=maybe_recompile pc=0x0000000117a51320 method=java.util.Hashtable.get(Ljava/lang/Object;)Ljava/lang/Object; @ 45
Event: 6.032 Thread 0x00007fad75805000 Uncommon trap: reason=unstable_if action=reinterpret pc=0x0000000117bf6b90 method=java.lang.StringCoding$StringEncoder.encode([CII)[B @ 20
Event: 6.032 Thread 0x00007fad75805000 Uncommon trap: reason=bimorphic action=maybe_recompile pc=0x0000000117a51320 method=java.util.Hashtable.get(Ljava/lang/Object;)Ljava/lang/Object; @ 45
Event: 6.032 Thread 0x00007fad75805000 Uncommon trap: reason=bimorphic action=maybe_recompile pc=0x0000000117a51320 method=java.util.Hashtable.get(Ljava/lang/Object;)Ljava/lang/Object; @ 45
Event: 6.032 Thread 0x00007fad75805000 Uncommon trap: reason=bimorphic action=maybe_recompile pc=0x0000000117a51320 method=java.util.Hashtable.get(Ljava/lang/Object;)Ljava/lang/Object; @ 45
Event: 6.319 Thread 0x00007fad75805000 Uncommon trap: reason=unstable_if action=reinterpret pc=0x000000011748e8c4 method=sun.util.calendar.BaseCalendar$Date.hit(J)Z @ 6
Event: 6.319 Thread 0x00007fad75805000 Uncommon trap: reason=unstable_if action=reinterpret pc=0x0000000117cc77f8 method=sun.util.calendar.ZoneInfo.getOffsets(J[II)I @ 4
Event: 6.356 Thread 0x00007fad75805000 Uncommon trap: reason=unstable_if action=reinterpret pc=0x0000000117432a20 method=com.google.inject.internal.MoreTypes.canonicalize(Ljava/lang/reflect/Type;)Ljava/lang/reflect/Type; @ 16
Event: 6.356 Thread 0x00007fad75805000 Uncommon trap: reason=class_check action=maybe_recompile pc=0x00000001174202f8 method=com.google.inject.internal.MoreTypes.getRawType(Ljava/lang/reflect/Type;)Ljava/lang/Class; @ 13
Event: 6.368 Thread 0x00007fad75805000 Uncommon trap: reason=null_check action=make_not_entrant pc=0x0000000117bfcc08 method=org.apache.maven.model.io.xpp3.MavenXpp3ReaderEx.checkFieldWithDuplicate(Lorg/codehaus/plexus/util/xml/pull/XmlPullParser;Ljava/lang/String;Ljava/lang/String;Ljava/util/

Internal exceptions (10 events):
Event: 1.790 Thread 0x00007fad75805000 Implicit null exception at 0x000000011730b5b5 to 0x000000011730b7e9
Event: 1.792 Thread 0x00007fad75805000 Implicit null exception at 0x00000001173c152f to 0x00000001173c1599
Event: 2.303 Thread 0x00007fad75805000 Exception <a 'java/lang/ClassNotFoundException': com/sun/tools/javac/api/JavacTool> (0x0000000797a29e40) thrown at [/Users/java_re/workspace/8-2-build-macosx-x86_64/jdk8u111/7883/hotspot/src/share/vm/classfile/systemDictionary.cpp, line 210]
Event: 2.657 Thread 0x00007fad75805000 Exception <a 'java/io/FileNotFoundException'> (0x0000000798e0b770) thrown at [/Users/java_re/workspace/8-2-build-macosx-x86_64/jdk8u111/7883/hotspot/src/share/vm/prims/jni.cpp, line 709]
Event: 2.660 Thread 0x00007fad75805000 Exception <a 'java/io/FileNotFoundException'> (0x0000000798e40bc8) thrown at [/Users/java_re/workspace/8-2-build-macosx-x86_64/jdk8u111/7883/hotspot/src/share/vm/prims/jni.cpp, line 709]
Event: 3.001 Thread 0x00007fad75805000 Implicit null exception at 0x0000000117769a34 to 0x000000011776a355
Event: 3.313 Thread 0x00007fad75805000 Exception <a 'java/lang/NoSuchFieldError': method resolution failed> (0x00000007978d7400) thrown at [/Users/java_re/workspace/8-2-build-macosx-x86_64/jdk8u111/7883/hotspot/src/share/vm/prims/methodHandles.cpp, line 1146]
Event: 3.315 Thread 0x00007fad75805000 Exception <a 'java/lang/NoSuchFieldError': method resolution failed> (0x00000007978e4ac0) thrown at [/Users/java_re/workspace/8-2-build-macosx-x86_64/jdk8u111/7883/hotspot/src/share/vm/prims/methodHandles.cpp, line 1146]
Event: 6.319 Thread 0x00007fad75805000 Implicit null exception at 0x0000000117cc73fe to 0x0000000117cc77d5
Event: 6.368 Thread 0x00007fad75805000 Implicit null exception at 0x0000000117bfc43c to 0x0000000117bfcbf9

Events (10 events):
Event: 6.545 Executing VM operation: RevokeBias
Event: 6.545 Executing VM operation: RevokeBias done
Event: 6.753 Executing VM operation: ParallelGCFailedAllocation
Event: 6.768 Executing VM operation: ParallelGCFailedAllocation done
Event: 6.855 Thread 0x00007fad75805000 DEOPT PACKING pc=0x0000000117bebe3c sp=0x000070000f3d7ba0
Event: 6.855 Thread 0x00007fad75805000 DEOPT UNPACKING pc=0x0000000116fd2633 sp=0x000070000f3d78e0 mode 0
Event: 7.736 Executing VM operation: ParallelGCFailedAllocation
Event: 7.750 Executing VM operation: ParallelGCFailedAllocation done
Event: 8.580 Executing VM operation: ParallelGCFailedAllocation
Event: 8.604 Executing VM operation: ParallelGCFailedAllocation done


Dynamic libraries:
0x00000000053fc000 	/System/Library/Frameworks/Cocoa.framework/Versions/A/Cocoa
0x00000000053fc000 	/System/Library/Frameworks/Security.framework/Versions/A/Security
0x00000000053fc000 	/System/Library/Frameworks/ApplicationServices.framework/Versions/A/ApplicationServices
0x00000000053fc000 	/usr/lib/libz.1.dylib
0x00000000053fc000 	/usr/lib/libSystem.B.dylib
0x00000000053fc000 	/usr/lib/libobjc.A.dylib
0x00000000053fc000 	/System/Library/Frameworks/CoreFoundation.framework/Versions/A/CoreFoundation
0x00000000053fc000 	/System/Library/Frameworks/Foundation.framework/Versions/C/Foundation
0x00000000053fc000 	/System/Library/Frameworks/AppKit.framework/Versions/C/AppKit
0x00000000053fc000 	/System/Library/Frameworks/CoreData.framework/Versions/A/CoreData
0x00000000053fc000 	/System/Library/PrivateFrameworks/RemoteViewServices.framework/Versions/A/RemoteViewServices
0x00000000053fc000 	/System/Library/PrivateFrameworks/UIFoundation.framework/Versions/A/UIFoundation
0x00000000053fc000 	/System/Library/PrivateFrameworks/XCTTargetBootstrap.framework/Versions/A/XCTTargetBootstrap
0x00000000053fc000 	/System/Library/Frameworks/CoreDisplay.framework/Versions/A/CoreDisplay
0x00000000053fc000 	/System/Library/PrivateFrameworks/IconServices.framework/Versions/A/IconServices
0x00000000053fc000 	/System/Library/Frameworks/Metal.framework/Versions/A/Metal
0x00000000053fc000 	/System/Library/PrivateFrameworks/DesktopServicesPriv.framework/Versions/A/DesktopServicesPriv
0x00000000053fc000 	/usr/lib/libenergytrace.dylib
0x00000000053fc000 	/System/Library/PrivateFrameworks/SkyLight.framework/Versions/A/SkyLight
0x00000000053fc000 	/System/Library/Frameworks/CoreGraphics.framework/Versions/A/CoreGraphics
0x00000000053fc000 	/System/Library/Frameworks/Accelerate.framework/Versions/A/Accelerate
0x00000000053fc000 	/System/Library/Frameworks/IOSurface.framework/Versions/A/IOSurface
0x00000000053fc000 	/System/Library/PrivateFrameworks/DFRFoundation.framework/Versions/A/DFRFoundation
0x00000000053fc000 	/System/Library/Frameworks/AudioToolbox.framework/Versions/A/AudioToolbox
0x00000000053fc000 	/System/Library/Frameworks/AudioUnit.framework/Versions/A/AudioUnit
0x00000000053fc000 	/System/Library/PrivateFrameworks/DataDetectorsCore.framework/Versions/A/DataDetectorsCore
0x00000000053fc000 	/System/Library/Frameworks/Carbon.framework/Versions/A/Frameworks/HIToolbox.framework/Versions/A/HIToolbox
0x00000000053fc000 	/usr/lib/libicucore.A.dylib
0x00000000053fc000 	/System/Library/Frameworks/QuartzCore.framework/Versions/A/QuartzCore
0x00000000053fc000 	/System/Library/Frameworks/Carbon.framework/Versions/A/Frameworks/SpeechRecognition.framework/Versions/A/SpeechRecognition
0x00000000053fc000 	/usr/lib/libauto.dylib
0x00000000053fc000 	/usr/lib/libxml2.2.dylib
0x00000000053fc000 	/System/Library/PrivateFrameworks/CoreUI.framework/Versions/A/CoreUI
0x00000000053fc000 	/System/Library/Frameworks/CoreAudio.framework/Versions/A/CoreAudio
0x00000000053fc000 	/System/Library/Frameworks/DiskArbitration.framework/Versions/A/DiskArbitration
0x00000000053fc000 	/usr/lib/liblangid.dylib
0x00000000053fc000 	/System/Library/PrivateFrameworks/MultitouchSupport.framework/Versions/A/MultitouchSupport
0x00000000053fc000 	/System/Library/Frameworks/IOKit.framework/Versions/A/IOKit
0x00000000053fc000 	/usr/lib/libDiagnosticMessagesClient.dylib
0x00000000053fc000 	/System/Library/Frameworks/CoreServices.framework/Versions/A/CoreServices
0x00000000053fc000 	/System/Library/PrivateFrameworks/PerformanceAnalysis.framework/Versions/A/PerformanceAnalysis
0x00000000053fc000 	/System/Library/Frameworks/OpenGL.framework/Versions/A/OpenGL
0x00000000053fc000 	/System/Library/Frameworks/ColorSync.framework/Versions/A/ColorSync
0x00000000053fc000 	/System/Library/Frameworks/CoreImage.framework/Versions/A/CoreImage
0x00000000053fc000 	/System/Library/Frameworks/CoreText.framework/Versions/A/CoreText
0x00000000053fc000 	/System/Library/Frameworks/ImageIO.framework/Versions/A/ImageIO
0x00000000053fc000 	/System/Library/PrivateFrameworks/Backup.framework/Versions/A/Backup
0x00000000053fc000 	/usr/lib/libarchive.2.dylib
0x00000000053fc000 	/System/Library/Frameworks/CFNetwork.framework/Versions/A/CFNetwork
0x00000000053fc000 	/System/Library/Frameworks/SystemConfiguration.framework/Versions/A/SystemConfiguration
0x00000000053fc000 	/usr/lib/libCRFSuite.dylib
0x00000000053fc000 	/usr/lib/libc++.1.dylib
0x00000000053fc000 	/usr/lib/libc++abi.dylib
0x00000000053fc000 	/usr/lib/system/libcache.dylib
0x00000000053fc000 	/usr/lib/system/libcommonCrypto.dylib
0x00000000053fc000 	/usr/lib/system/libcompiler_rt.dylib
0x00000000053fc000 	/usr/lib/system/libcopyfile.dylib
0x00000000053fc000 	/usr/lib/system/libcorecrypto.dylib
0x00000000053fc000 	/usr/lib/system/libdispatch.dylib
0x00000000053fc000 	/usr/lib/system/libdyld.dylib
0x00000000053fc000 	/usr/lib/system/libkeymgr.dylib
0x00000000053fc000 	/usr/lib/system/liblaunch.dylib
0x00000000053fc000 	/usr/lib/system/libmacho.dylib
0x00000000053fc000 	/usr/lib/system/libquarantine.dylib
0x00000000053fc000 	/usr/lib/system/libremovefile.dylib
0x00000000053fc000 	/usr/lib/system/libsystem_asl.dylib
0x00000000053fc000 	/usr/lib/system/libsystem_blocks.dylib
0x00000000053fc000 	/usr/lib/system/libsystem_c.dylib
0x00000000053fc000 	/usr/lib/system/libsystem_configuration.dylib
0x00000000053fc000 	/usr/lib/system/libsystem_coreservices.dylib
0x00000000053fc000 	/usr/lib/system/libsystem_darwin.dylib
0x00000000053fc000 	/usr/lib/system/libsystem_dnssd.dylib
0x00000000053fc000 	/usr/lib/system/libsystem_info.dylib
0x00000000053fc000 	/usr/lib/system/libsystem_m.dylib
0x00000000053fc000 	/usr/lib/system/libsystem_malloc.dylib
0x00000000053fc000 	/usr/lib/system/libsystem_networkextension.dylib
0x00000000053fc000 	/usr/lib/system/libsystem_notify.dylib
0x00000000053fc000 	/usr/lib/system/libsystem_sandbox.dylib
0x00000000053fc000 	/usr/lib/system/libsystem_secinit.dylib
0x00000000053fc000 	/usr/lib/system/libsystem_kernel.dylib
0x00000000053fc000 	/usr/lib/system/libsystem_platform.dylib
0x00000000053fc000 	/usr/lib/system/libsystem_pthread.dylib
0x00000000053fc000 	/usr/lib/system/libsystem_symptoms.dylib
0x00000000053fc000 	/usr/lib/system/libsystem_trace.dylib
0x00000000053fc000 	/usr/lib/system/libunwind.dylib
0x00000000053fc000 	/usr/lib/system/libxpc.dylib
0x00000000053fc000 	/usr/lib/libbsm.0.dylib
0x00000000053fc000 	/usr/lib/system/libkxld.dylib
0x00000000053fc000 	/System/Library/PrivateFrameworks/AppleFSCompression.framework/Versions/A/AppleFSCompression
0x00000000053fc000 	/usr/lib/libOpenScriptingUtil.dylib
0x00000000053fc000 	/usr/lib/libcoretls.dylib
0x00000000053fc000 	/usr/lib/libcoretls_cfhelpers.dylib
0x00000000053fc000 	/usr/lib/libpam.2.dylib
0x00000000053fc000 	/usr/lib/libsqlite3.dylib
0x00000000053fc000 	/usr/lib/libxar.1.dylib
0x00000000053fc000 	/usr/lib/libbz2.1.0.dylib
0x00000000053fc000 	/usr/lib/liblzma.5.dylib
0x00000000053fc000 	/usr/lib/libnetwork.dylib
0x00000000053fc000 	/usr/lib/libapple_nghttp2.dylib
0x00000000053fc000 	/usr/lib/libpcap.A.dylib
0x00000000053fc000 	/System/Library/Frameworks/CoreServices.framework/Versions/A/Frameworks/FSEvents.framework/Versions/A/FSEvents
0x00000000053fc000 	/System/Library/Frameworks/CoreServices.framework/Versions/A/Frameworks/CarbonCore.framework/Versions/A/CarbonCore
0x00000000053fc000 	/System/Library/Frameworks/CoreServices.framework/Versions/A/Frameworks/Metadata.framework/Versions/A/Metadata
0x00000000053fc000 	/System/Library/Frameworks/CoreServices.framework/Versions/A/Frameworks/OSServices.framework/Versions/A/OSServices
0x00000000053fc000 	/System/Library/Frameworks/CoreServices.framework/Versions/A/Frameworks/SearchKit.framework/Versions/A/SearchKit
0x00000000053fc000 	/System/Library/Frameworks/CoreServices.framework/Versions/A/Frameworks/AE.framework/Versions/A/AE
0x00000000053fc000 	/System/Library/Frameworks/CoreServices.framework/Versions/A/Frameworks/LaunchServices.framework/Versions/A/LaunchServices
0x00000000053fc000 	/System/Library/Frameworks/CoreServices.framework/Versions/A/Frameworks/DictionaryServices.framework/Versions/A/DictionaryServices
0x00000000053fc000 	/System/Library/Frameworks/CoreServices.framework/Versions/A/Frameworks/SharedFileList.framework/Versions/A/SharedFileList
0x00000000053fc000 	/System/Library/Frameworks/NetFS.framework/Versions/A/NetFS
0x00000000053fc000 	/System/Library/PrivateFrameworks/NetAuth.framework/Versions/A/NetAuth
0x00000000053fc000 	/System/Library/PrivateFrameworks/login.framework/Versions/A/Frameworks/loginsupport.framework/Versions/A/loginsupport
0x00000000053fc000 	/System/Library/PrivateFrameworks/TCC.framework/Versions/A/TCC
0x00000000053fc000 	/System/Library/PrivateFrameworks/CoreNLP.framework/Versions/A/CoreNLP
0x00000000053fc000 	/System/Library/PrivateFrameworks/MetadataUtilities.framework/Versions/A/MetadataUtilities
0x00000000053fc000 	/usr/lib/libmecabra.dylib
0x00000000053fc000 	/System/Library/Frameworks/ApplicationServices.framework/Versions/A/Frameworks/ATS.framework/Versions/A/ATS
0x00000000053fc000 	/System/Library/Frameworks/ApplicationServices.framework/Versions/A/Frameworks/ColorSyncLegacy.framework/Versions/A/ColorSyncLegacy
0x00000000053fc000 	/System/Library/Frameworks/ApplicationServices.framework/Versions/A/Frameworks/HIServices.framework/Versions/A/HIServices
0x00000000053fc000 	/System/Library/Frameworks/ApplicationServices.framework/Versions/A/Frameworks/LangAnalysis.framework/Versions/A/LangAnalysis
0x00000000053fc000 	/System/Library/Frameworks/ApplicationServices.framework/Versions/A/Frameworks/PrintCore.framework/Versions/A/PrintCore
0x00000000053fc000 	/System/Library/Frameworks/ApplicationServices.framework/Versions/A/Frameworks/QD.framework/Versions/A/QD
0x00000000053fc000 	/System/Library/Frameworks/ApplicationServices.framework/Versions/A/Frameworks/SpeechSynthesis.framework/Versions/A/SpeechSynthesis
0x00000000053fc000 	/usr/lib/libcompression.dylib
0x00000000053fc000 	/System/Library/Frameworks/MetalPerformanceShaders.framework/Versions/A/MetalPerformanceShaders
0x00000000053fc000 	/System/Library/Frameworks/Accelerate.framework/Versions/A/Frameworks/vImage.framework/Versions/A/vImage
0x00000000053fc000 	/System/Library/Frameworks/Accelerate.framework/Versions/A/Frameworks/vecLib.framework/Versions/A/vecLib
0x00000000053fc000 	/System/Library/Frameworks/Accelerate.framework/Versions/A/Frameworks/vecLib.framework/Versions/A/libvMisc.dylib
0x00000000053fc000 	/System/Library/Frameworks/Accelerate.framework/Versions/A/Frameworks/vecLib.framework/Versions/A/libvDSP.dylib
0x00000000053fc000 	/System/Library/Frameworks/Accelerate.framework/Versions/A/Frameworks/vecLib.framework/Versions/A/libBLAS.dylib
0x00000000053fc000 	/System/Library/Frameworks/Accelerate.framework/Versions/A/Frameworks/vecLib.framework/Versions/A/libLAPACK.dylib
0x00000000053fc000 	/System/Library/Frameworks/Accelerate.framework/Versions/A/Frameworks/vecLib.framework/Versions/A/libLinearAlgebra.dylib
0x00000000053fc000 	/System/Library/Frameworks/Accelerate.framework/Versions/A/Frameworks/vecLib.framework/Versions/A/libSparseBLAS.dylib
0x00000000053fc000 	/System/Library/Frameworks/Accelerate.framework/Versions/A/Frameworks/vecLib.framework/Versions/A/libQuadrature.dylib
0x00000000053fc000 	/System/Library/Frameworks/Accelerate.framework/Versions/A/Frameworks/vecLib.framework/Versions/A/libBNNS.dylib
0x00000000053fc000 	/System/Library/Frameworks/Accelerate.framework/Versions/A/Frameworks/vecLib.framework/Versions/A/libSparse.dylib
0x00000000053fc000 	/System/Library/PrivateFrameworks/GPUWrangler.framework/Versions/A/GPUWrangler
0x00000000053fc000 	/System/Library/PrivateFrameworks/IOAccelerator.framework/Versions/A/IOAccelerator
0x00000000053fc000 	/System/Library/PrivateFrameworks/IOPresentment.framework/Versions/A/IOPresentment
0x00000000053fc000 	/System/Library/PrivateFrameworks/DSExternalDisplay.framework/Versions/A/DSExternalDisplay
0x00000000053fc000 	/System/Library/Frameworks/OpenGL.framework/Versions/A/Libraries/libCoreFSCache.dylib
0x00000000053fc000 	/System/Library/Frameworks/MetalPerformanceShaders.framework/Frameworks/MPSCore.framework/Versions/A/MPSCore
0x00000000053fc000 	/System/Library/Frameworks/MetalPerformanceShaders.framework/Frameworks/MPSImage.framework/Versions/A/MPSImage
0x00000000053fc000 	/System/Library/Frameworks/MetalPerformanceShaders.framework/Frameworks/MPSNeuralNetwork.framework/Versions/A/MPSNeuralNetwork
0x00000000053fc000 	/System/Library/Frameworks/MetalPerformanceShaders.framework/Frameworks/MPSMatrix.framework/Versions/A/MPSMatrix
0x00000000053fc000 	/System/Library/Frameworks/MetalPerformanceShaders.framework/Frameworks/MPSRayIntersector.framework/Versions/A/MPSRayIntersector
0x00000000053fc000 	/System/Library/PrivateFrameworks/MetalTools.framework/Versions/A/MetalTools
0x00000000053fc000 	/System/Library/PrivateFrameworks/AggregateDictionary.framework/Versions/A/AggregateDictionary
0x00000000053fc000 	/usr/lib/libMobileGestalt.dylib
0x00000000053fc000 	/System/Library/Frameworks/CoreVideo.framework/Versions/A/CoreVideo
0x00000000053fc000 	/System/Library/PrivateFrameworks/GraphVisualizer.framework/Versions/A/GraphVisualizer
0x00000000053fc000 	/System/Library/PrivateFrameworks/FaceCore.framework/Versions/A/FaceCore
0x00000000053fc000 	/System/Library/Frameworks/OpenCL.framework/Versions/A/OpenCL
0x00000000053fc000 	/usr/lib/libFosl_dynamic.dylib
0x00000000053fc000 	/System/Library/PrivateFrameworks/OTSVG.framework/Versions/A/OTSVG
0x00000000053fc000 	/System/Library/Frameworks/ApplicationServices.framework/Versions/A/Frameworks/ATS.framework/Versions/A/Resources/libFontParser.dylib
0x00000000053fc000 	/System/Library/Frameworks/ApplicationServices.framework/Versions/A/Frameworks/ATS.framework/Versions/A/Resources/libFontRegistry.dylib
0x00000000053fc000 	/System/Library/Frameworks/ImageIO.framework/Versions/A/Resources/libJPEG.dylib
0x00000000053fc000 	/System/Library/Frameworks/ImageIO.framework/Versions/A/Resources/libTIFF.dylib
0x00000000053fc000 	/System/Library/Frameworks/ImageIO.framework/Versions/A/Resources/libPng.dylib
0x00000000053fc000 	/System/Library/Frameworks/ImageIO.framework/Versions/A/Resources/libGIF.dylib
0x00000000053fc000 	/System/Library/Frameworks/ImageIO.framework/Versions/A/Resources/libJP2.dylib
0x00000000053fc000 	/System/Library/Frameworks/ImageIO.framework/Versions/A/Resources/libRadiance.dylib
0x00000000053fc000 	/System/Library/PrivateFrameworks/AppleJPEG.framework/Versions/A/AppleJPEG
0x00000000053fc000 	/System/Library/Frameworks/OpenGL.framework/Versions/A/Libraries/libGFXShared.dylib
0x00000000053fc000 	/System/Library/Frameworks/OpenGL.framework/Versions/A/Libraries/libGLU.dylib
0x00000000053fc000 	/System/Library/Frameworks/OpenGL.framework/Versions/A/Libraries/libGL.dylib
0x00000000053fc000 	/System/Library/Frameworks/OpenGL.framework/Versions/A/Libraries/libGLImage.dylib
0x00000000053fc000 	/System/Library/Frameworks/OpenGL.framework/Versions/A/Libraries/libCVMSPluginSupport.dylib
0x00000000053fc000 	/System/Library/Frameworks/OpenGL.framework/Versions/A/Libraries/libCoreVMClient.dylib
0x00000000053fc000 	/usr/lib/libcups.2.dylib
0x00000000053fc000 	/System/Library/Frameworks/Kerberos.framework/Versions/A/Kerberos
0x00000000053fc000 	/System/Library/Frameworks/GSS.framework/Versions/A/GSS
0x00000000053fc000 	/usr/lib/libresolv.9.dylib
0x00000000053fc000 	/usr/lib/libiconv.2.dylib
0x00000000053fc000 	/System/Library/PrivateFrameworks/Heimdal.framework/Versions/A/Heimdal
0x00000000053fc000 	/usr/lib/libheimdal-asn1.dylib
0x00000000053fc000 	/System/Library/Frameworks/OpenDirectory.framework/Versions/A/OpenDirectory
0x00000000053fc000 	/System/Library/PrivateFrameworks/CommonAuth.framework/Versions/A/CommonAuth
0x00000000053fc000 	/System/Library/Frameworks/OpenDirectory.framework/Versions/A/Frameworks/CFOpenDirectory.framework/Versions/A/CFOpenDirectory
0x00000000053fc000 	/System/Library/Frameworks/SecurityFoundation.framework/Versions/A/SecurityFoundation
0x00000000053fc000 	/System/Library/PrivateFrameworks/APFS.framework/Versions/A/APFS
0x00000000053fc000 	/usr/lib/libutil.dylib
0x00000000053fc000 	/usr/lib/libcharset.1.dylib
0x00000000053fc000 	/System/Library/PrivateFrameworks/AppleSauce.framework/Versions/A/AppleSauce
0x00000000053fc000 	/System/Library/PrivateFrameworks/AssertionServices.framework/Versions/A/AssertionServices
0x00000000053fc000 	/System/Library/PrivateFrameworks/BaseBoard.framework/Versions/A/BaseBoard
0x00000000053fc000 	/usr/lib/libmecab.1.0.0.dylib
0x00000000053fc000 	/usr/lib/libgermantok.dylib
0x00000000053fc000 	/usr/lib/libThaiTokenizer.dylib
0x00000000053fc000 	/usr/lib/libChineseTokenizer.dylib
0x00000000053fc000 	/System/Library/PrivateFrameworks/LanguageModeling.framework/Versions/A/LanguageModeling
0x00000000053fc000 	/System/Library/PrivateFrameworks/CoreEmoji.framework/Versions/A/CoreEmoji
0x00000000053fc000 	/System/Library/PrivateFrameworks/Lexicon.framework/Versions/A/Lexicon
0x00000000053fc000 	/System/Library/PrivateFrameworks/LinguisticData.framework/Versions/A/LinguisticData
0x00000000053fc000 	/usr/lib/libcmph.dylib
0x00000000053fc000 	/System/Library/Frameworks/ServiceManagement.framework/Versions/A/ServiceManagement
0x00000000053fc000 	/System/Library/PrivateFrameworks/BackgroundTaskManagement.framework/Versions/A/BackgroundTaskManagement
0x00000000053fc000 	/usr/lib/libxslt.1.dylib
0x00000000053fc000 	/System/Library/Frameworks/Carbon.framework/Versions/A/Frameworks/Ink.framework/Versions/A/Ink
0x00000000053fc000 	/System/Library/PrivateFrameworks/TextureIO.framework/Versions/A/TextureIO
0x00000000053fc000 	/usr/lib/libate.dylib
0x00000000053fc000 	/System/Library/PrivateFrameworks/CrashReporterSupport.framework/Versions/A/CrashReporterSupport
0x00000000053fc000 	/System/Library/PrivateFrameworks/Sharing.framework/Versions/A/Sharing
0x00000000053fc000 	/System/Library/PrivateFrameworks/AuthKit.framework/Versions/A/AuthKit
0x00000000053fc000 	/System/Library/PrivateFrameworks/Apple80211.framework/Versions/A/Apple80211
0x00000000053fc000 	/System/Library/PrivateFrameworks/CoreUtils.framework/Versions/A/CoreUtils
0x00000000053fc000 	/System/Library/Frameworks/CoreWLAN.framework/Versions/A/CoreWLAN
0x00000000053fc000 	/System/Library/Frameworks/IOBluetooth.framework/Versions/A/IOBluetooth
0x00000000053fc000 	/System/Library/PrivateFrameworks/ProtocolBuffer.framework/Versions/A/ProtocolBuffer
0x00000000053fc000 	/System/Library/PrivateFrameworks/MobileKeyBag.framework/Versions/A/MobileKeyBag
0x00000000053fc000 	/System/Library/PrivateFrameworks/CorePhoneNumbers.framework/Versions/A/CorePhoneNumbers
0x00000000053fc000 	/System/Library/PrivateFrameworks/AppleIDAuthSupport.framework/Versions/A/AppleIDAuthSupport
0x00000000053fc000 	/System/Library/PrivateFrameworks/KeychainCircle.framework/Versions/A/KeychainCircle
0x00000000053fc000 	/System/Library/PrivateFrameworks/ROCKit.framework/Versions/A/ROCKit
0x00000000053fc000 	/System/Library/PrivateFrameworks/CoreWiFi.framework/Versions/A/CoreWiFi
0x00000000053fc000 	/System/Library/Frameworks/CoreBluetooth.framework/Versions/A/CoreBluetooth
0x00000000053fc000 	/System/Library/PrivateFrameworks/DebugSymbols.framework/Versions/A/DebugSymbols
0x00000000053fc000 	/System/Library/PrivateFrameworks/CoreSymbolication.framework/Versions/A/CoreSymbolication
0x00000000053fc000 	/System/Library/PrivateFrameworks/Symbolication.framework/Versions/A/Symbolication
0x00000000053fc000 	/System/Library/PrivateFrameworks/SpeechRecognitionCore.framework/Versions/A/SpeechRecognitionCore
0x000000010de00000 	/Library/Java/JavaVirtualMachines/jdk1.8.0_111.jdk/Contents/Home/jre/lib/server/libjvm.dylib
0x00000000053fc000 	/usr/lib/libstdc++.6.dylib
0x000000010d4ba000 	/Library/Java/JavaVirtualMachines/jdk1.8.0_111.jdk/Contents/Home/jre/lib/libverify.dylib
0x000000010d4c8000 	/Library/Java/JavaVirtualMachines/jdk1.8.0_111.jdk/Contents/Home/jre/lib/libjava.dylib
0x000000010d506000 	/Library/Java/JavaVirtualMachines/jdk1.8.0_111.jdk/Contents/Home/jre/lib/libzip.dylib
0x00000000053fc000 	/System/Library/Frameworks/JavaVM.framework/Versions/A/Frameworks/JavaRuntimeSupport.framework/Versions/A/JavaRuntimeSupport
0x00000000053fc000 	/System/Library/Frameworks/JavaVM.framework/Versions/A/Frameworks/JavaNativeFoundation.framework/Versions/A/JavaNativeFoundation
0x00000000053fc000 	/System/Library/Frameworks/JavaVM.framework/Versions/A/JavaVM
0x00000000053fc000 	/System/Library/Frameworks/Carbon.framework/Versions/A/Carbon
0x00000000053fc000 	/System/Library/PrivateFrameworks/JavaLaunching.framework/Versions/A/JavaLaunching
0x00000000053fc000 	/System/Library/Frameworks/Carbon.framework/Versions/A/Frameworks/CommonPanels.framework/Versions/A/CommonPanels
0x00000000053fc000 	/System/Library/Frameworks/Carbon.framework/Versions/A/Frameworks/Help.framework/Versions/A/Help
0x00000000053fc000 	/System/Library/Frameworks/Carbon.framework/Versions/A/Frameworks/ImageCapture.framework/Versions/A/ImageCapture
0x00000000053fc000 	/System/Library/Frameworks/Carbon.framework/Versions/A/Frameworks/OpenScripting.framework/Versions/A/OpenScripting
0x00000000053fc000 	/System/Library/Frameworks/Carbon.framework/Versions/A/Frameworks/Print.framework/Versions/A/Print
0x00000000053fc000 	/System/Library/Frameworks/Carbon.framework/Versions/A/Frameworks/SecurityHI.framework/Versions/A/SecurityHI
0x0000000115718000 	/usr/local/Cellar/maven/3.6.2/libexec/lib/jansi-native/osx/libjansi.jnilib
0x0000000115653000 	/Library/Java/JavaVirtualMachines/jdk1.8.0_111.jdk/Contents/Home/jre/lib/libnet.dylib
0x00000001157a6000 	/Library/Java/JavaVirtualMachines/jdk1.8.0_111.jdk/Contents/Home/jre/lib/libnio.dylib

VM Arguments:
jvm_args: -Dclassworlds.conf=/usr/local/Cellar/maven/3.6.2/libexec/bin/m2.conf -Dmaven.home=/usr/local/Cellar/maven/3.6.2/libexec -Dlibrary.jansi.path=/usr/local/Cellar/maven/3.6.2/libexec/lib/jansi-native -Dmaven.multiModuleProjectDirectory=/Users/macbookpro/my-app 
java_command: org.codehaus.plexus.classworlds.launcher.Launcher install package
java_class_path (initial): /usr/local/Cellar/maven/3.6.2/libexec/boot/plexus-classworlds-2.6.0.jar
Launcher Type: SUN_STANDARD

Environment Variables:
JAVA_HOME=/Library/Java/JavaVirtualMachines/jdk1.8.0_111.jdk/Contents/Home
PATH=/Library/Frameworks/Python.framework/Versions/3.7/bin:/Library/Frameworks/Python.framework/Versions/3.6/bin:/Library/Frameworks/Python.framework/Versions/3.7/bin:/usr/local/bin:/usr/bin:/bin:/usr/sbin:/sbin:/usr/local/share/dotnet:/opt/X11/bin:~/.dotnet/tools:/Library/Frameworks/Mono.framework/Versions/Current/Commands:/Applications/Wireshark.app/Contents/MacOS
SHELL=/bin/bash
DISPLAY=/private/tmp/com.apple.launchd.EbXqHxqA1k/org.macosforge.xquartz:0

Signal Handlers:
SIGSEGV: [libjvm.dylib+0x5b03ed], sa_mask[0]=11111111011111110111111111111111, sa_flags=SA_ONSTACK|SA_RESTART|SA_SIGINFO
SIGBUS: [libjvm.dylib+0x5b03ed], sa_mask[0]=11111111011111110111111111111111, sa_flags=SA_RESTART|SA_SIGINFO
SIGFPE: [libjvm.dylib+0x48711c], sa_mask[0]=11111111011111110111111111111111, sa_flags=SA_RESTART|SA_SIGINFO
SIGPIPE: [libjvm.dylib+0x48711c], sa_mask[0]=11111111011111110111111111111111, sa_flags=SA_RESTART|SA_SIGINFO
SIGXFSZ: [libjvm.dylib+0x48711c], sa_mask[0]=11111111011111110111111111111111, sa_flags=SA_RESTART|SA_SIGINFO
SIGILL: [libjvm.dylib+0x48711c], sa_mask[0]=11111111011111110111111111111111, sa_flags=SA_RESTART|SA_SIGINFO
SIGUSR1: SIG_DFL, sa_mask[0]=11011111011111100000000111000110, sa_flags=none
SIGUSR2: [libjvm.dylib+0x486c3a], sa_mask[0]=00000000000000000000000000000000, sa_flags=SA_RESTART|SA_SIGINFO
SIGHUP: [libjvm.dylib+0x485211], sa_mask[0]=11111111011111110111111111111111, sa_flags=SA_RESTART|SA_SIGINFO
SIGINT: [libjvm.dylib+0x485211], sa_mask[0]=11111111011111110111111111111111, sa_flags=SA_RESTART|SA_SIGINFO
SIGTERM: [libjvm.dylib+0x485211], sa_mask[0]=11111111011111110111111111111111, sa_flags=SA_RESTART|SA_SIGINFO
SIGQUIT: [libjvm.dylib+0x485211], sa_mask[0]=11111111011111110111111111111111, sa_flags=SA_RESTART|SA_SIGINFO


---------------  S Y S T E M  ---------------

OS:Bsduname:Darwin 18.6.0 Darwin Kernel Version 18.6.0: Thu Apr 25 23:16:27 PDT 2019; root:xnu-4903.261.4~2/RELEASE_X86_64 x86_64
rlimit: STACK 8192k, CORE 0k, NPROC 709, NOFILE 10240, AS infinity
load average:3.04 2.76 2.49

CPU:total 4 (2 cores per cpu, 2 threads per core) family 6 model 61 stepping 4, cmov, cx8, fxsr, mmx, sse, sse2, sse3, ssse3, sse4.1, sse4.2, popcnt, avx, avx2, aes, clmul, erms, 3dnowpref, lzcnt, ht, tsc, tscinvbit, bmi1, bmi2, adx

Memory: 4k page, physical 8388608k(31208k free)

/proc/meminfo:


vm_info: Java HotSpot(TM) 64-Bit Server VM (25.111-b14) for bsd-amd64 JRE (1.8.0_111-b14), built on Sep 22 2016 15:31:41 by "java_re" with gcc 4.2.1 (Based on Apple Inc. build 5658) (LLVM build 2336.11.00)

time: Thu Oct 10 17:33:38 2019
elapsed time: 9 seconds (0d 0h 0m 9s)

